2019-04-01T13:19:38: ********************************************************************************
2019-04-01T13:19:38: *                                  cslightcrv                                  *
2019-04-01T13:19:38: * ---------------------------------------------------------------------------- *
2019-04-01T13:19:38: * Version: 1.5.0                                                               *
2019-04-01T13:19:38: ********************************************************************************
2019-04-01T13:19:43: +============+
2019-04-01T13:19:43: | Parameters |
2019-04-01T13:19:43: +============+
2019-04-01T13:19:43:  inobs .....................: events_stacked_transient.xml
2019-04-01T13:19:43:  inmodel ...................: Ana_VarFoV.xml
2019-04-01T13:19:43:  srcname ...................: PKS0736+017
2019-04-01T13:19:43:  caldb .....................: [not queried]
2019-04-01T13:19:43:  irf .......................: [not queried]
2019-04-01T13:19:43:  inexclusion ...............: NONE
2019-04-01T13:19:43:  edisp .....................: no
2019-04-01T13:19:43:  outfile ...................: lightcurve.fits
2019-04-01T13:19:43:  tbinalg ...................: GTI
2019-04-01T13:19:43:  tmin ......................: [not queried]
2019-04-01T13:19:43:  tmax ......................: [not queried]
2019-04-01T13:19:43:  tbins .....................: [not queried]
2019-04-01T13:19:43:  tbinfile ..................: [not queried]
2019-04-01T13:19:43:  method ....................: 3D
2019-04-01T13:19:43:  emin ......................: 0.05
2019-04-01T13:19:43:  emax ......................: 20
2019-04-01T13:19:43:  enumbins ..................: 0
2019-04-01T13:19:43:  coordsys ..................: [not queried]
2019-04-01T13:19:43:  proj ......................: [not queried]
2019-04-01T13:19:43:  xref ......................: [not queried]
2019-04-01T13:19:43:  yref ......................: [not queried]
2019-04-01T13:19:43:  nxpix .....................: [not queried]
2019-04-01T13:19:43:  nypix .....................: [not queried]
2019-04-01T13:19:43:  binsz .....................: [not queried]
2019-04-01T13:19:43:  srcshape ..................: CIRCLE
2019-04-01T13:19:43:  rad .......................: [not queried]
2019-04-01T13:19:43:  bkgmethod .................: REFLECTED
2019-04-01T13:19:43:  bkgregmin .................: 2
2019-04-01T13:19:43:  maxoffset .................: 4.0
2019-04-01T13:19:43:  etruemin ..................: 0.01
2019-04-01T13:19:43:  etruemax ..................: 300.0
2019-04-01T13:19:43:  etruebins .................: 30
2019-04-01T13:19:43:  statistic .................: DEFAULT
2019-04-01T13:19:43:  calc_ts ...................: yes
2019-04-01T13:19:43:  calc_ulim .................: yes
2019-04-01T13:19:43:  fix_srcs ..................: yes
2019-04-01T13:19:43:  fix_bkg ...................: no
2019-04-01T13:19:43:  publish ...................: no
2019-04-01T13:19:43:  chatter ...................: 2
2019-04-01T13:19:43:  clobber ...................: yes
2019-04-01T13:19:43:  debug .....................: no
2019-04-01T13:19:43:  mode ......................: ql
2019-04-01T13:19:43:  logfile ...................: cslightcrv.log
2019-04-01T13:19:43: 
2019-04-01T13:19:43: +==============+
2019-04-01T13:19:43: | Observations |
2019-04-01T13:19:43: +==============+
2019-04-01T13:19:43: === GObservations ===
2019-04-01T13:19:43:  Number of observations ....: 3
2019-04-01T13:19:43:  Number of models ..........: 2
2019-04-01T13:19:43:  Number of observed events .: 302544
2019-04-01T13:19:43:  Number of predicted events : 0
2019-04-01T13:19:45: 
2019-04-01T13:19:45: +=======================+
2019-04-01T13:19:45: | Selected observations |
2019-04-01T13:19:45: +=======================+
2019-04-01T13:19:45: 
2019-04-01T13:19:45: +=========================+
2019-04-01T13:19:45: | Adjust model parameters |
2019-04-01T13:19:45: +=========================+
2019-04-01T13:19:45: === PKS0736+017 ===
2019-04-01T13:19:45: === CTABackgroundModel ===
2019-04-01T13:19:45: 
2019-04-01T13:19:45: +=====================+
2019-04-01T13:19:45: | Generate lightcurve |
2019-04-01T13:19:45: +=====================+
2019-04-01T13:19:45: +----------------------------------+
2019-04-01T13:19:45: | MJD 59215.500000 - 59215.541667  |
2019-04-01T13:19:45: +----------------------------------+
2019-04-01T13:20:10: === Results ===
2019-04-01T13:20:10:  Prefactor .................: 2.49999254122e-20 +/- 4.09011691431e-20 ph/cm2/s/MeV
2019-04-01T13:20:10:  Index .....................: -3.35136976942 +/- 0.820529171319 
2019-04-01T13:20:10:  Upper flux limit ..........: 4.98030282707e-20 ph/cm2/s/MeV
2019-04-01T13:20:10:  Upper flux limit ..........: 2.75116255358e-11 ph/cm2/s
2019-04-01T13:20:10:  Upper flux limit ..........: 3.77729777307e-12 erg/cm2/s
2019-04-01T13:20:10:  Test Statistic ............: 2.9942972681
2019-04-01T13:20:10: +----------------------------------+
2019-04-01T13:20:10: | MJD 59215.541667 - 59215.583333  |
2019-04-01T13:20:10: +----------------------------------+
2019-04-01T13:20:24: === Results ===
2019-04-01T13:20:24:  Prefactor .................: 1.97829520138e-18 +/- 1.29060912123e-19 ph/cm2/s/MeV
2019-04-01T13:20:24:  Index .....................: -3.32971992814 +/- 0.0289243517861 
2019-04-01T13:20:24:  Upper flux limit ..........: 1.76215131604e-18 ph/cm2/s/MeV
2019-04-01T13:20:24:  Upper flux limit ..........: 9.73427697625e-10 ph/cm2/s
2019-04-01T13:20:24:  Upper flux limit ..........: 1.33649909915e-10 erg/cm2/s
2019-04-01T13:20:24:  Test Statistic ............: 7057.66947628
2019-04-01T13:20:24: +----------------------------------+
2019-04-01T13:20:24: | MJD 59215.583333 - 59215.625000  |
2019-04-01T13:20:24: +----------------------------------+
2019-04-01T13:20:46: === Results ===
2019-04-01T13:20:46:  Prefactor .................: 1.21646023053e-20 +/- 3.63224941658e-20 ph/cm2/s/MeV
2019-04-01T13:20:46:  Index .....................: -3.25171402056 +/- 1.58443834874 
2019-04-01T13:20:46:  Upper flux limit ..........: 3.57238254736e-20 ph/cm2/s/MeV
2019-04-01T13:20:46:  Upper flux limit ..........: 1.9734151582e-11 ph/cm2/s
2019-04-01T13:20:46:  Upper flux limit ..........: 2.70946428546e-12 erg/cm2/s
2019-04-01T13:20:46:  Test Statistic ............: 0.487609561766
2019-04-01T13:20:46: 
2019-04-01T13:20:46: +==================+
2019-04-01T13:20:46: | Save light curve |
2019-04-01T13:20:46: +==================+
2019-04-01T13:20:46:  Light curve file ..........: lightcurve.fits
2019-04-01T13:20:46: 
2019-04-01T13:20:46: Application "cslightcrv" terminated after 68 wall clock seconds, consuming 63.0372 seconds of CPU time.
