2019-03-22T08:44:28: ********************************************************************************
2019-03-22T08:44:28: *                                   csphagen                                   *
2019-03-22T08:44:28: * ---------------------------------------------------------------------------- *
2019-03-22T08:44:28: * Version: 1.5.0                                                               *
2019-03-22T08:44:28: ********************************************************************************
2019-03-22T08:44:47: +============+
2019-03-22T08:44:47: | Parameters |
2019-03-22T08:44:47: +============+
2019-03-22T08:44:47:  inobs .....................: events_1.fits
2019-03-22T08:44:47:  caldb .....................: prod2
2019-03-22T08:44:47:  irf .......................: South_0.5h
2019-03-22T08:44:47:  inexclusion ...............: NONE
2019-03-22T08:44:47:  outobs ....................: onoff_obs.xml
2019-03-22T08:44:47:  prefix ....................: onoff
2019-03-22T08:44:47:  ebinalg ...................: LOG
2019-03-22T08:44:47:  emin ......................: 0.05
2019-03-22T08:44:47:  emax ......................: 20
2019-03-22T08:44:47:  enumbins ..................: 4
2019-03-22T08:44:47:  ebinfile ..................: [not queried]
2019-03-22T08:44:47:  srcshape ..................: CIRCLE
2019-03-22T08:44:47:  coordsys ..................: CEL
2019-03-22T08:44:47:  ra ........................: 201.365
2019-03-22T08:44:47:  dec .......................: -43.019
2019-03-22T08:44:47:  glon ......................: [not queried]
2019-03-22T08:44:47:  glat ......................: [not queried]
2019-03-22T08:44:47:  rad .......................: 0.1
2019-03-22T08:44:47:  srcregfile ................: [not queried]
2019-03-22T08:44:47:  bkgmethod .................: REFLECTED
2019-03-22T08:44:47:  bkgregfile ................: [not queried]
2019-03-22T08:44:47:  bkgregmin .................: 2
2019-03-22T08:44:47:  maxoffset .................: 4.0
2019-03-22T08:44:47:  stack .....................: no
2019-03-22T08:44:47:  etruemin ..................: 0.01
2019-03-22T08:44:47:  etruemax ..................: 300.0
2019-03-22T08:44:47:  etruebins .................: 30
2019-03-22T08:44:47:  chatter ...................: 2
2019-03-22T08:44:47:  clobber ...................: yes
2019-03-22T08:44:47:  debug .....................: no
2019-03-22T08:44:47:  mode ......................: ql
2019-03-22T08:44:47:  logfile ...................: csphagen.log
2019-03-22T08:44:47: 
2019-03-22T08:44:47: +=============+
2019-03-22T08:44:47: | Observation |
2019-03-22T08:44:47: +=============+
2019-03-22T08:44:47: === GObservations ===
2019-03-22T08:44:47:  Number of observations ....: 1
2019-03-22T08:44:47:  Number of models ..........: 0
2019-03-22T08:44:47:  Number of observed events .: 200181
2019-03-22T08:44:47:  Number of predicted events : 0
2019-03-22T08:44:47: 
2019-03-22T08:44:47: +=====================+
2019-03-22T08:44:47: | True energy binning |
2019-03-22T08:44:47: +=====================+
2019-03-22T08:44:47:  Bin 1 .....................: 25 GeV - 26.9821377857647 GeV
2019-03-22T08:44:47:  Bin 2 .....................: 26.9821377857647 GeV - 29.1214303795996 GeV
2019-03-22T08:44:47:  Bin 3 .....................: 29.1214303795996 GeV - 31.4303378808364 GeV
2019-03-22T08:44:47:  Bin 4 .....................: 31.4303378808364 GeV - 33.9223082941547 GeV
2019-03-22T08:44:47:  Bin 5 .....................: 33.9223082941547 GeV - 36.6118558561628 GeV
2019-03-22T08:44:47:  Bin 6 .....................: 36.6118558561628 GeV - 39.5146455721416 GeV
2019-03-22T08:44:47:  Bin 7 .....................: 39.5146455721416 GeV - 42.6475844553273 GeV
2019-03-22T08:44:47:  Bin 8 .....................: 42.6475844553273 GeV - 46.0289200001471 GeV
2019-03-22T08:44:47:  Bin 9 .....................: 46.0289200001471 GeV - 49.6783464629563 GeV
2019-03-22T08:44:47:  Bin 10 ....................: 49.6783464629563 GeV - 53.6171195692978 GeV
2019-03-22T08:44:47:  Bin 11 ....................: 53.6171195692978 GeV - 57.8681803157845 GeV
2019-03-22T08:44:47:  Bin 12 ....................: 57.8681803157845 GeV - 62.4562885876788 GeV
2019-03-22T08:44:47:  Bin 13 ....................: 62.4562885876788 GeV - 67.4081673704093 GeV
2019-03-22T08:44:47:  Bin 14 ....................: 67.4081673704093 GeV - 72.7526583949709 GeV
2019-03-22T08:44:47:  Bin 15 ....................: 72.7526583949709 GeV - 78.520890123751 GeV
2019-03-22T08:44:47:  Bin 16 ....................: 78.520890123751 GeV - 84.7464590551976 GeV
2019-03-22T08:44:47:  Bin 17 ....................: 84.7464590551976 GeV - 91.4656254033203 GeV
2019-03-22T08:44:47:  Bin 18 ....................: 91.4656254033203 GeV - 98.7175242917411 GeV
2019-03-22T08:44:47:  Bin 19 ....................: 98.7175242917411 GeV - 106.544393692373 GeV
2019-03-22T08:44:47:  Bin 20 ....................: 106.544393692373 GeV - 114.991820436335 GeV
2019-03-22T08:44:47:  Bin 21 ....................: 114.991820436335 GeV - 124.109005729964 GeV
2019-03-22T08:44:47:  Bin 22 ....................: 124.109005729964 GeV - 133.949051722406 GeV
2019-03-22T08:44:47:  Bin 23 ....................: 133.949051722406 GeV - 144.569270793859 GeV
2019-03-22T08:44:47:  Bin 24 ....................: 144.569270793859 GeV - 156.031519365897 GeV
2019-03-22T08:44:47:  Bin 25 ....................: 156.031519365897 GeV - 168.402558178114 GeV
2019-03-22T08:44:47:  Bin 26 ....................: 168.402558178114 GeV - 181.754441129485 GeV
2019-03-22T08:44:47:  Bin 27 ....................: 181.754441129485 GeV - 196.164934949217 GeV
2019-03-22T08:44:47:  Bin 28 ....................: 196.164934949217 GeV - 211.717972141413 GeV
2019-03-22T08:44:47:  Bin 29 ....................: 211.717972141413 GeV - 228.504139841692 GeV
2019-03-22T08:44:47:  Bin 30 ....................: 228.504139841692 GeV - 246.621207433047 GeV
2019-03-22T08:44:47:  Bin 31 ....................: 246.621207433047 GeV - 266.174695994005 GeV
2019-03-22T08:44:47:  Bin 32 ....................: 266.174695994005 GeV - 287.278492895771 GeV
2019-03-22T08:44:47:  Bin 33 ....................: 287.278492895771 GeV - 310.055515128021 GeV
2019-03-22T08:44:47:  Bin 34 ....................: 310.055515128021 GeV - 334.63842521682 GeV
2019-03-22T08:44:47:  Bin 35 ....................: 334.63842521682 GeV - 361.170403904462 GeV
2019-03-22T08:44:47:  Bin 36 ....................: 361.170403904462 GeV - 389.805984091619 GeV
2019-03-22T08:44:47:  Bin 37 ....................: 389.805984091619 GeV - 420.711950899026 GeV
2019-03-22T08:44:47:  Bin 38 ....................: 420.711950899026 GeV - 454.068313091016 GeV
2019-03-22T08:44:47:  Bin 39 ....................: 454.068313091016 GeV - 490.069351518861 GeV
2019-03-22T08:44:47:  Bin 40 ....................: 490.069351518861 GeV - 528.924750690491 GeV
2019-03-22T08:44:47:  Bin 41 ....................: 528.924750690491 GeV - 570.860820057281 GeV
2019-03-22T08:44:47:  Bin 42 ....................: 570.860820057281 GeV - 616.121812131208 GeV
2019-03-22T08:44:47:  Bin 43 ....................: 616.121812131208 GeV - 664.971345109571 GeV
2019-03-22T08:44:47:  Bin 44 ....................: 664.971345109571 GeV - 717.693938293269 GeV
2019-03-22T08:44:47:  Bin 45 ....................: 717.693938293269 GeV - 774.596669241484 GeV
2019-03-22T08:44:47:  Bin 46 ....................: 774.596669241484 GeV - 836.010962314724 GeV
2019-03-22T08:44:47:  Bin 47 ....................: 836.010962314724 GeV - 902.294519023425 GeV
2019-03-22T08:44:47:  Bin 48 ....................: 902.294519023425 GeV - 973.833401425214 GeV
2019-03-22T08:44:47:  Bin 49 ....................: 973.833401425214 GeV - 1.0510442807054 TeV
2019-03-22T08:44:47:  Bin 50 ....................: 1.0510442807054 TeV - 1.13437686403732 TeV
2019-03-22T08:44:47:  Bin 51 ....................: 1.13437686403732 TeV - 1.22431651385755 TeV
2019-03-22T08:44:47:  Bin 52 ....................: 1.22431651385755 TeV - 1.32138707481165 TeV
2019-03-22T08:44:47:  Bin 53 ....................: 1.32138707481165 TeV - 1.42615392483587 TeV
2019-03-22T08:44:47:  Bin 54 ....................: 1.42615392483587 TeV - 1.53922726814522 TeV
2019-03-22T08:44:47:  Bin 55 ....................: 1.53922726814522 TeV - 1.66126568930802 TeV
2019-03-22T08:44:47:  Bin 56 ....................: 1.66126568930802 TeV - 1.79297998910689 TeV
2019-03-22T08:44:47:  Bin 57 ....................: 1.79297998910689 TeV - 1.93513732452804 TeV
2019-03-22T08:44:47:  Bin 58 ....................: 1.93513732452804 TeV - 2.08856567699166 TeV
2019-03-22T08:44:47:  Bin 59 ....................: 2.08856567699166 TeV - 2.25415867484832 TeV
2019-03-22T08:44:47:  Bin 60 ....................: 2.25415867484832 TeV - 2.43288079822936 TeV
2019-03-22T08:44:47:  Bin 61 ....................: 2.43288079822936 TeV - 2.62577299656663 TeV
2019-03-22T08:44:47:  Bin 62 ....................: 2.62577299656663 TeV - 2.83395875150004 TeV
2019-03-22T08:44:47:  Bin 63 ....................: 2.83395875150004 TeV - 3.05865062048592 TeV
2019-03-22T08:44:47:  Bin 64 ....................: 3.05865062048592 TeV - 3.30115729921863 TeV
2019-03-22T08:44:47:  Bin 65 ....................: 3.30115729921863 TeV - 3.56289124399999 TeV
2019-03-22T08:44:47:  Bin 66 ....................: 3.56289124399999 TeV - 3.84537689845209 TeV
2019-03-22T08:44:47:  Bin 67 ....................: 3.84537689845209 TeV - 4.15025957248923 TeV
2019-03-22T08:44:47:  Bin 68 ....................: 4.15025957248923 TeV - 4.47931502526373 TeV
2019-03-22T08:44:47:  Bin 69 ....................: 4.47931502526373 TeV - 4.83445980790048 TeV
2019-03-22T08:44:47:  Bin 70 ....................: 4.83445980790048 TeV - 5.21776242626048 TeV
2019-03-22T08:44:47:  Bin 71 ....................: 5.21776242626048 TeV - 5.63145538874985 TeV
2019-03-22T08:44:47:  Bin 72 ....................: 5.63145538874985 TeV - 6.07794820934542 TeV
2019-03-22T08:44:47:  Bin 73 ....................: 6.07794820934542 TeV - 6.55984144157199 TeV
2019-03-22T08:44:47:  Bin 74 ....................: 6.55984144157199 TeV - 7.07994182517059 TeV
2019-03-22T08:44:47:  Bin 75 ....................: 7.07994182517059 TeV - 7.64127863367805 TeV
2019-03-22T08:44:47:  Bin 76 ....................: 7.64127863367805 TeV - 8.24712131813284 TeV
2019-03-22T08:44:47:  Bin 77 ....................: 8.24712131813284 TeV - 8.9009985496711 TeV
2019-03-22T08:44:47:  Bin 78 ....................: 8.9009985496711 TeV - 9.6067187719247 TeV
2019-03-22T08:44:47:  Bin 79 ....................: 9.6067187719247 TeV - 10.3683923829266 TeV
2019-03-22T08:44:47:  Bin 80 ....................: 10.3683923829266 TeV - 11.1904556757199 TeV
2019-03-22T08:44:47:  Bin 81 ....................: 11.1904556757199 TeV - 12.0776966771107 TeV
2019-03-22T08:44:47:  Bin 82 ....................: 12.0776966771107 TeV - 13.0352830350589 TeV
2019-03-22T08:44:47:  Bin 83 ....................: 13.0352830350589 TeV - 14.068792117136 TeV
2019-03-22T08:44:47:  Bin 84 ....................: 14.068792117136 TeV - 15.1842434953538 TeV
2019-03-22T08:44:47:  Bin 85 ....................: 15.1842434953538 TeV - 16.3881340065694 TeV
2019-03-22T08:44:47:  Bin 86 ....................: 16.3881340065694 TeV - 17.6874755926733 TeV
2019-03-22T08:44:47:  Bin 87 ....................: 17.6874755926733 TeV - 19.0898361409544 TeV
2019-03-22T08:44:47:  Bin 88 ....................: 19.0898361409544 TeV - 20.6033835625161 TeV
2019-03-22T08:44:47:  Bin 89 ....................: 20.6033835625161 TeV - 22.2369333654708 TeV
2019-03-22T08:44:47:  Bin 90 ....................: 22.2369333654708 TeV - 24 TeV
2019-03-22T08:44:47: 
2019-03-22T08:44:47: +==================+
2019-03-22T08:44:47: | Spectral binning |
2019-03-22T08:44:47: +==================+
2019-03-22T08:44:47:  Bin 1 .....................: 50 GeV - 223.606797749979 GeV
2019-03-22T08:44:47:  Bin 2 .....................: 223.606797749979 GeV - 1 TeV
2019-03-22T08:44:47:  Bin 3 .....................: 1 TeV - 4.47213595499958 TeV
2019-03-22T08:44:47:  Bin 4 .....................: 4.47213595499958 TeV - 20 TeV
2019-03-22T08:44:47: 
2019-03-22T08:44:47: +=============================================+
2019-03-22T08:44:47: | Generation of source and background spectra |
2019-03-22T08:44:47: +=============================================+
2019-03-22T08:44:47: Process observation "0"
2019-03-22T08:44:53: 
2019-03-22T08:44:53: +===========+
2019-03-22T08:44:53: | Save data |
2019-03-22T08:44:53: +===========+
2019-03-22T08:44:53:  PHA on file ...............: onoff_pha_on.fits
2019-03-22T08:44:53:  PHA off file ..............: onoff_pha_off.fits
2019-03-22T08:44:53:  ARF file ..................: onoff_arf.fits
2019-03-22T08:44:53:  RMF file ..................: onoff_arf.fits
2019-03-22T08:44:53:  Obs. definition XML file ..: onoff_obs.xml
2019-03-22T08:44:53:  On region file ............: onoff_on.reg
2019-03-22T08:44:53:  Off region file ...........: onoff_off.reg
2019-03-22T08:44:53: 
2019-03-22T08:44:53: Application "csphagen" terminated after 25 wall clock seconds, consuming 6.46949 seconds of CPU time.
