2019-03-22T10:46:22: ********************************************************************************
2019-03-22T10:46:22: *                                   csresmap                                   *
2019-03-22T10:46:22: * ---------------------------------------------------------------------------- *
2019-03-22T10:46:22: * Version: 1.5.0                                                               *
2019-03-22T10:46:22: ********************************************************************************
2019-03-22T10:46:37: +============+
2019-03-22T10:46:37: | Parameters |
2019-03-22T10:46:37: +============+
2019-03-22T10:46:37:  inobs .....................: events_1.fits
2019-03-22T10:46:37:  inmodel ...................: SteadyFoV.xml
2019-03-22T10:46:37:  modcube ...................: [not queried]
2019-03-22T10:46:37:  expcube ...................: [not queried]
2019-03-22T10:46:37:  psfcube ...................: [not queried]
2019-03-22T10:46:37:  edispcube .................: [not queried]
2019-03-22T10:46:37:  bkgcube ...................: [not queried]
2019-03-22T10:46:37:  caldb .....................: prod2
2019-03-22T10:46:37:  irf .......................: South_0.5h
2019-03-22T10:46:37:  edisp .....................: no
2019-03-22T10:46:37:  outmap ....................: resmap.fits
2019-03-22T10:46:37:  ebinalg ...................: LOG
2019-03-22T10:46:37:  emin ......................: 0.05
2019-03-22T10:46:37:  emax ......................: 20
2019-03-22T10:46:37:  enumbins ..................: 20
2019-03-22T10:46:37:  ebinfile ..................: [not queried]
2019-03-22T10:46:37:  coordsys ..................: CEL
2019-03-22T10:46:37:  proj ......................: AIT
2019-03-22T10:46:37:  xref ......................: 201.365063
2019-03-22T10:46:37:  yref ......................: -43.019113
2019-03-22T10:46:37:  nxpix .....................: 200
2019-03-22T10:46:37:  nypix .....................: 200
2019-03-22T10:46:37:  binsz .....................: 0.02
2019-03-22T10:46:37:  algorithm .................: SIGNIFICANCE
2019-03-22T10:46:37:  publish ...................: no
2019-03-22T10:46:37:  chatter ...................: 2
2019-03-22T10:46:37:  clobber ...................: yes
2019-03-22T10:46:37:  debug .....................: no
2019-03-22T10:46:37:  mode ......................: ql
2019-03-22T10:46:37:  logfile ...................: csresmap.log
2019-03-22T10:46:37: 
2019-03-22T10:46:37: +=============+
2019-03-22T10:46:37: | Observation |
2019-03-22T10:46:37: +=============+
2019-03-22T10:46:37: === GObservations ===
2019-03-22T10:46:37:  Number of observations ....: 1
2019-03-22T10:46:37:  Number of models ..........: 3
2019-03-22T10:46:37:  Number of observed events .: 200181
2019-03-22T10:46:37:  Number of predicted events : 0
2019-03-22T10:46:37: 
2019-03-22T10:46:37: +=============================+
2019-03-22T10:46:37: | Generate binned map (ctbin) |
2019-03-22T10:46:37: +=============================+
2019-03-22T10:46:38: 
2019-03-22T10:46:38: +==============================+
2019-03-22T10:46:38: | Generate model map (ctmodel) |
2019-03-22T10:46:38: +==============================+
2019-03-22T10:46:40: 
2019-03-22T10:46:40: +===================+
2019-03-22T10:46:40: | Save residual map |
2019-03-22T10:46:40: +===================+
2019-03-22T10:46:40:  Residual map file .........: resmap.fits
2019-03-22T10:46:40: 
2019-03-22T10:46:40: Application "csresmap" terminated after 18 wall clock seconds, consuming 2.59298 seconds of CPU time.
