2019-03-22T11:53:58: ********************************************************************************
2019-03-22T11:53:58: *                                    csspec                                    *
2019-03-22T11:53:58: * ---------------------------------------------------------------------------- *
2019-03-22T11:53:58: * Version: 1.5.0                                                               *
2019-03-22T11:53:58: ********************************************************************************
2019-03-22T11:54:00: +============+
2019-03-22T11:54:00: | Parameters |
2019-03-22T11:54:00: +============+
2019-03-22T11:54:00:  inobs .....................: events_1.fits
2019-03-22T11:54:00:  inmodel ...................: SteadyFoV.xml
2019-03-22T11:54:00:  srcname ...................: CenA
2019-03-22T11:54:00:  expcube ...................: [not queried]
2019-03-22T11:54:00:  psfcube ...................: [not queried]
2019-03-22T11:54:00:  edispcube .................: [not queried]
2019-03-22T11:54:00:  bkgcube ...................: [not queried]
2019-03-22T11:54:00:  caldb .....................: prod2
2019-03-22T11:54:00:  irf .......................: South_0.5h
2019-03-22T11:54:00:  edisp .....................: no
2019-03-22T11:54:00:  outfile ...................: spectrum.fits
2019-03-22T11:54:00:  method ....................: AUTO
2019-03-22T11:54:00:  ebinalg ...................: LOG
2019-03-22T11:54:00:  emin ......................: 0.05
2019-03-22T11:54:00:  emax ......................: 20
2019-03-22T11:54:00:  enumbins ..................: 4
2019-03-22T11:54:00:  ebinfile ..................: [not queried]
2019-03-22T11:54:00:  statistic .................: DEFAULT
2019-03-22T11:54:00:  calc_ts ...................: yes
2019-03-22T11:54:00:  calc_ulim .................: yes
2019-03-22T11:54:00:  fix_srcs ..................: yes
2019-03-22T11:54:00:  fix_bkg ...................: no
2019-03-22T11:54:00:  publish ...................: no
2019-03-22T11:54:00:  chatter ...................: 2
2019-03-22T11:54:00:  clobber ...................: yes
2019-03-22T11:54:00:  debug .....................: no
2019-03-22T11:54:00:  mode ......................: ql
2019-03-22T11:54:00:  logfile ...................: csspec.log
2019-03-22T11:54:00: 
2019-03-22T11:54:00: +=================+
2019-03-22T11:54:00: | Spectrum method |
2019-03-22T11:54:00: +=================+
2019-03-22T11:54:00:  Unbinned CTA observations .: 1
2019-03-22T11:54:00:  Binned CTA observations ...: 0
2019-03-22T11:54:00:  On/off CTA observations ...: 0
2019-03-22T11:54:00:  Other observations ........: 0
2019-03-22T11:54:00:  Selected spectrum method ..: SLICE
2019-03-22T11:54:00: 
2019-03-22T11:54:00: +===================+
2019-03-22T11:54:00: | Input observation |
2019-03-22T11:54:00: +===================+
2019-03-22T11:54:00: === GObservations ===
2019-03-22T11:54:00:  Number of observations ....: 1
2019-03-22T11:54:00:  Number of models ..........: 3
2019-03-22T11:54:00:  Number of observed events .: 200181
2019-03-22T11:54:00:  Number of predicted events : 0
2019-03-22T11:54:00: 
2019-03-22T11:54:00: +==================+
2019-03-22T11:54:00: | Spectral binning |
2019-03-22T11:54:00: +==================+
2019-03-22T11:54:00:  Bin 1 .....................: 50 GeV - 223.606797749979 GeV
2019-03-22T11:54:00:  Bin 2 .....................: 223.606797749979 GeV - 1 TeV
2019-03-22T11:54:00:  Bin 3 .....................: 1 TeV - 4.47213595499958 TeV
2019-03-22T11:54:00:  Bin 4 .....................: 4.47213595499958 TeV - 20 TeV
2019-03-22T11:54:00: 
2019-03-22T11:54:00: +=========================+
2019-03-22T11:54:00: | Adjust model parameters |
2019-03-22T11:54:00: +=========================+
2019-03-22T11:54:00: 
2019-03-22T11:54:00: +===================+
2019-03-22T11:54:00: | Generate spectrum |
2019-03-22T11:54:00: +===================+
2019-03-22T11:54:00: === GEbounds ===
2019-03-22T11:54:00:  Number of intervals .......: 4
2019-03-22T11:54:00:  Energy range ..............: 50 GeV - 20 TeV
2019-03-22T11:54:28:  Bin 1 .....................: 8.669510e-12 +/- 5.607358e-13 [< 1.427685e-11] erg/cm2/s (TS = 356.312)
2019-03-22T11:54:34:  Bin 2 .....................: 3.122131e-12 +/- 2.158543e-13 [< 5.280666e-12] erg/cm2/s (TS = 599.157)
2019-03-22T11:54:36:  Bin 3 .....................: 1.677329e-12 +/- 1.620246e-13 [< 3.297572e-12] erg/cm2/s (TS = 541.316)
2019-03-22T11:54:39:  Bin 4 .....................: 9.112757e-13 +/- 2.029967e-13 [< 2.941241e-12] erg/cm2/s (TS = 132.264)
2019-03-22T11:54:39: 
2019-03-22T11:54:39: +===============+
2019-03-22T11:54:39: | Save spectrum |
2019-03-22T11:54:39: +===============+
2019-03-22T11:54:39:  Spectrum file .............: spectrum.fits
2019-03-22T11:54:39: 
2019-03-22T11:54:39: Application "csspec" terminated after 41 wall clock seconds, consuming 38.4409 seconds of CPU time.
