2019-03-21T12:02:46: ********************************************************************************
2019-03-21T12:02:46: *                                  cssrcdetect                                 *
2019-03-21T12:02:46: * ---------------------------------------------------------------------------- *
2019-03-21T12:02:46: * Version: 1.5.0                                                               *
2019-03-21T12:02:46: ********************************************************************************
2019-03-21T12:02:46: ********************************************************************************
2019-03-21T12:02:46: *                                  cssrcdetect                                 *
2019-03-21T12:02:46: * ---------------------------------------------------------------------------- *
2019-03-21T12:02:46: * Version: 1.5.0                                                               *
2019-03-21T12:02:46: ********************************************************************************
2019-03-21T12:02:48: +============+
2019-03-21T12:02:48: | Parameters |
2019-03-21T12:02:48: +============+
2019-03-21T12:02:48:  inmap .....................: skymap.fits
2019-03-21T12:02:48:  outmodel ..................: models.xml
2019-03-21T12:02:48:  outds9file ................: ds9.reg
2019-03-21T12:02:48:  srcmodel ..................: POINT
2019-03-21T12:02:48:  bkgmodel ..................: NONE
2019-03-21T12:02:48:  threshold .................: 5.0
2019-03-21T12:02:48:  maxsrcs ...................: 20
2019-03-21T12:02:48:  exclrad ...................: 0.2
2019-03-21T12:02:48:  fit_pos ...................: yes
2019-03-21T12:02:48:  fit_shape .................: yes
2019-03-21T12:02:48:  chatter ...................: 2
2019-03-21T12:02:48:  clobber ...................: yes
2019-03-21T12:02:48:  debug .....................: no
2019-03-21T12:02:48:  mode ......................: ql
2019-03-21T12:02:48:  logfile ...................: cssrcdetect.log
2019-03-21T12:02:48: 
2019-03-21T12:02:48: +==================+
2019-03-21T12:02:48: | Source detection |
2019-03-21T12:02:48: +==================+
2019-03-21T12:02:48: === Iteration 1 ===
2019-03-21T12:02:48:  Map mean ..................: 1.06570305321
2019-03-21T12:02:48:  Map standard deviation ....: 3.71590165383
2019-03-21T12:02:48:  Map threshold .............: 19.6452113224
2019-03-21T12:02:48:  Map maximum ...............: 22.6926418291
2019-03-21T12:02:48:  Src001 position ...........: (RA,Dec)=(201.368377469345,-43.0099796484708)
2019-03-21T12:02:48: === Iteration 2 ===
2019-03-21T12:02:48:  Map mean ..................: 0.517520739665
2019-03-21T12:02:48:  Map standard deviation ....: 2.56565054304
2019-03-21T12:02:48:  Map threshold .............: 13.3457734549
2019-03-21T12:02:48:  Map maximum ...............: 16.8651379718
2019-03-21T12:02:48:  Src002 position ...........: (RA,Dec)=(200.792863970384,-43.148879793394)
2019-03-21T12:02:48: === Iteration 3 ===
2019-03-21T12:02:48:  Map mean ..................: 0.505398401618
2019-03-21T12:02:48:  Map standard deviation ....: 2.34186220745
2019-03-21T12:02:48:  Map threshold .............: 12.2147094389
2019-03-21T12:02:48:  Map maximum ...............: 13.8688932527
2019-03-21T12:02:48:  Src003 position ...........: (RA,Dec)=(201.639781719796,-42.6295031107012)
2019-03-21T12:02:48: === Iteration 4 ===
2019-03-21T12:02:48:  Map mean ..................: 0.535399972353
2019-03-21T12:02:48:  Map standard deviation ....: 2.15193049552
2019-03-21T12:02:48:  Map threshold .............: 11.29505245
2019-03-21T12:02:48:  Map maximum ...............: 12.6889651137
2019-03-21T12:02:48:  Src004 position ...........: (RA,Dec)=(201.013190388581,-42.929642044183)
2019-03-21T12:02:48: === Iteration 5 ===
2019-03-21T12:02:48:  Map mean ..................: 0.516248758056
2019-03-21T12:02:48:  Map standard deviation ....: 1.91124566294
2019-03-21T12:02:48:  Map threshold .............: 10.0724770728
2019-03-21T12:02:48:  Map maximum ...............: 10.9737096645
2019-03-21T12:02:48:  Src005 position ...........: (RA,Dec)=(200.960218280204,-42.6295031107012)
2019-03-21T12:02:48: === Iteration 6 ===
2019-03-21T12:02:48:  Map mean ..................: 0.535417103144
2019-03-21T12:02:48:  Map standard deviation ....: 1.76527949151
2019-03-21T12:02:48:  Map threshold .............: 9.36181456068
2019-03-21T12:02:48:  Map maximum ...............: 10.6925442722
2019-03-21T12:02:48:  Src006 position ...........: (RA,Dec)=(201.396261175393,-43.3499552821473)
2019-03-21T12:02:48: === Iteration 7 ===
2019-03-21T12:02:48:  Map mean ..................: 0.541798783936
2019-03-21T12:02:48:  Map standard deviation ....: 1.50194261956
2019-03-21T12:02:48:  Map threshold .............: 8.05151188175
2019-03-21T12:02:48:  Map maximum ...............: None above threshold
2019-03-21T12:02:48: 
2019-03-21T12:02:48: +========================+
2019-03-21T12:02:48: | Detected source models |
2019-03-21T12:02:48: +========================+
2019-03-21T12:02:48: === GModels ===
2019-03-21T12:02:48:  Number of models ..........: 6
2019-03-21T12:02:48:  Number of parameters ......: 36
2019-03-21T12:02:48: === GModelSky ===
2019-03-21T12:02:48:  Name ......................: Src001
2019-03-21T12:02:48:  Instruments ...............: all
2019-03-21T12:02:48:  Instrument scale factors ..: unity
2019-03-21T12:02:48:  Observation identifiers ...: all
2019-03-21T12:02:48:  Model type ................: PointSource
2019-03-21T12:02:48:  Model components ..........: "PointSource" * "PowerLaw" * "Constant"
2019-03-21T12:02:48:  Number of parameters ......: 6
2019-03-21T12:02:48:  Number of spatial par's ...: 2
2019-03-21T12:02:48:   RA .......................: 201.368377469345 +/- 0 deg (free,scale=1)
2019-03-21T12:02:48:   DEC ......................: -43.0099796484708 +/- 0 deg (free,scale=1)
2019-03-21T12:02:48:  Number of spectral par's ..: 3
2019-03-21T12:02:48:   Prefactor ................: 5.7e-18 +/- 0 [0,infty[ ph/cm2/s/MeV (free,scale=5.7e-18,gradient)
2019-03-21T12:02:48:   Index ....................: -2.48 +/- 0 [10,-10]  (free,scale=-2.48,gradient)
2019-03-21T12:02:48:   PivotEnergy ..............: 300000 MeV (fixed,scale=300000,gradient)
2019-03-21T12:02:48:  Number of temporal par's ..: 1
2019-03-21T12:02:48:   Normalization ............: 1 (relative value) (fixed,scale=1,gradient)
2019-03-21T12:02:48: === GModelSky ===
2019-03-21T12:02:48:  Name ......................: Src002
2019-03-21T12:02:48:  Instruments ...............: all
2019-03-21T12:02:48:  Instrument scale factors ..: unity
2019-03-21T12:02:48:  Observation identifiers ...: all
2019-03-21T12:02:48:  Model type ................: PointSource
2019-03-21T12:02:48:  Model components ..........: "PointSource" * "PowerLaw" * "Constant"
2019-03-21T12:02:48:  Number of parameters ......: 6
2019-03-21T12:02:48:  Number of spatial par's ...: 2
2019-03-21T12:02:48:   RA .......................: 200.792863970384 +/- 0 deg (free,scale=1)
2019-03-21T12:02:48:   DEC ......................: -43.148879793394 +/- 0 deg (free,scale=1)
2019-03-21T12:02:48:  Number of spectral par's ..: 3
2019-03-21T12:02:48:   Prefactor ................: 5.7e-18 +/- 0 [0,infty[ ph/cm2/s/MeV (free,scale=5.7e-18,gradient)
2019-03-21T12:02:48:   Index ....................: -2.48 +/- 0 [10,-10]  (free,scale=-2.48,gradient)
2019-03-21T12:02:48:   PivotEnergy ..............: 300000 MeV (fixed,scale=300000,gradient)
2019-03-21T12:02:48:  Number of temporal par's ..: 1
2019-03-21T12:02:48:   Normalization ............: 1 (relative value) (fixed,scale=1,gradient)
2019-03-21T12:02:48: === GModelSky ===
2019-03-21T12:02:48:  Name ......................: Src003
2019-03-21T12:02:48:  Instruments ...............: all
2019-03-21T12:02:48:  Instrument scale factors ..: unity
2019-03-21T12:02:48:  Observation identifiers ...: all
2019-03-21T12:02:48:  Model type ................: PointSource
2019-03-21T12:02:48:  Model components ..........: "PointSource" * "PowerLaw" * "Constant"
2019-03-21T12:02:48:  Number of parameters ......: 6
2019-03-21T12:02:48:  Number of spatial par's ...: 2
2019-03-21T12:02:48:   RA .......................: 201.639781719796 +/- 0 deg (free,scale=1)
2019-03-21T12:02:48:   DEC ......................: -42.6295031107012 +/- 0 deg (free,scale=1)
2019-03-21T12:02:48:  Number of spectral par's ..: 3
2019-03-21T12:02:48:   Prefactor ................: 5.7e-18 +/- 0 [0,infty[ ph/cm2/s/MeV (free,scale=5.7e-18,gradient)
2019-03-21T12:02:48:   Index ....................: -2.48 +/- 0 [10,-10]  (free,scale=-2.48,gradient)
2019-03-21T12:02:48:   PivotEnergy ..............: 300000 MeV (fixed,scale=300000,gradient)
2019-03-21T12:02:48:  Number of temporal par's ..: 1
2019-03-21T12:02:48:   Normalization ............: 1 (relative value) (fixed,scale=1,gradient)
2019-03-21T12:02:48: === GModelSky ===
2019-03-21T12:02:48:  Name ......................: Src004
2019-03-21T12:02:48:  Instruments ...............: all
2019-03-21T12:02:48:  Instrument scale factors ..: unity
2019-03-21T12:02:48:  Observation identifiers ...: all
2019-03-21T12:02:48:  Model type ................: PointSource
2019-03-21T12:02:48:  Model components ..........: "PointSource" * "PowerLaw" * "Constant"
2019-03-21T12:02:48:  Number of parameters ......: 6
2019-03-21T12:02:48:  Number of spatial par's ...: 2
2019-03-21T12:02:48:   RA .......................: 201.013190388581 +/- 0 deg (free,scale=1)
2019-03-21T12:02:48:   DEC ......................: -42.929642044183 +/- 0 deg (free,scale=1)
2019-03-21T12:02:48:  Number of spectral par's ..: 3
2019-03-21T12:02:48:   Prefactor ................: 5.7e-18 +/- 0 [0,infty[ ph/cm2/s/MeV (free,scale=5.7e-18,gradient)
2019-03-21T12:02:48:   Index ....................: -2.48 +/- 0 [10,-10]  (free,scale=-2.48,gradient)
2019-03-21T12:02:48:   PivotEnergy ..............: 300000 MeV (fixed,scale=300000,gradient)
2019-03-21T12:02:48:  Number of temporal par's ..: 1
2019-03-21T12:02:48:   Normalization ............: 1 (relative value) (fixed,scale=1,gradient)
2019-03-21T12:02:48: === GModelSky ===
2019-03-21T12:02:48:  Name ......................: Src005
2019-03-21T12:02:48:  Instruments ...............: all
2019-03-21T12:02:48:  Instrument scale factors ..: unity
2019-03-21T12:02:48:  Observation identifiers ...: all
2019-03-21T12:02:48:  Model type ................: PointSource
2019-03-21T12:02:48:  Model components ..........: "PointSource" * "PowerLaw" * "Constant"
2019-03-21T12:02:48:  Number of parameters ......: 6
2019-03-21T12:02:48:  Number of spatial par's ...: 2
2019-03-21T12:02:48:   RA .......................: 200.960218280204 +/- 0 deg (free,scale=1)
2019-03-21T12:02:48:   DEC ......................: -42.6295031107012 +/- 0 deg (free,scale=1)
2019-03-21T12:02:48:  Number of spectral par's ..: 3
2019-03-21T12:02:48:   Prefactor ................: 5.7e-18 +/- 0 [0,infty[ ph/cm2/s/MeV (free,scale=5.7e-18,gradient)
2019-03-21T12:02:48:   Index ....................: -2.48 +/- 0 [10,-10]  (free,scale=-2.48,gradient)
2019-03-21T12:02:48:   PivotEnergy ..............: 300000 MeV (fixed,scale=300000,gradient)
2019-03-21T12:02:48:  Number of temporal par's ..: 1
2019-03-21T12:02:48:   Normalization ............: 1 (relative value) (fixed,scale=1,gradient)
2019-03-21T12:02:48: === GModelSky ===
2019-03-21T12:02:48:  Name ......................: Src006
2019-03-21T12:02:48:  Instruments ...............: all
2019-03-21T12:02:48:  Instrument scale factors ..: unity
2019-03-21T12:02:48:  Observation identifiers ...: all
2019-03-21T12:02:48:  Model type ................: PointSource
2019-03-21T12:02:48:  Model components ..........: "PointSource" * "PowerLaw" * "Constant"
2019-03-21T12:02:48:  Number of parameters ......: 6
2019-03-21T12:02:48:  Number of spatial par's ...: 2
2019-03-21T12:02:48:   RA .......................: 201.396261175393 +/- 0 deg (free,scale=1)
2019-03-21T12:02:48:   DEC ......................: -43.3499552821473 +/- 0 deg (free,scale=1)
2019-03-21T12:02:48:  Number of spectral par's ..: 3
2019-03-21T12:02:48:   Prefactor ................: 5.7e-18 +/- 0 [0,infty[ ph/cm2/s/MeV (free,scale=5.7e-18,gradient)
2019-03-21T12:02:48:   Index ....................: -2.48 +/- 0 [10,-10]  (free,scale=-2.48,gradient)
2019-03-21T12:02:48:   PivotEnergy ..............: 300000 MeV (fixed,scale=300000,gradient)
2019-03-21T12:02:48:  Number of temporal par's ..: 1
2019-03-21T12:02:48:   Normalization ............: 1 (relative value) (fixed,scale=1,gradient)
2019-03-21T12:02:48: 
2019-03-21T12:02:48: +======================+
2019-03-21T12:02:48: | Add background model |
2019-03-21T12:02:48: +======================+
2019-03-21T12:02:48:  Background model ..........: None
2019-03-21T12:02:48: 
2019-03-21T12:02:48: +==============+
2019-03-21T12:02:48: | Save sources |
2019-03-21T12:02:48: +==============+
2019-03-21T12:02:48:  Model definition XML file .: models.xml
2019-03-21T12:02:48:  DS9 region file ...........: ds9.reg
2019-03-21T12:02:48: 
2019-03-21T12:02:48: Application "cssrcdetect" terminated after 2 wall clock seconds, consuming 0.071501 seconds of CPU time.
