2019-04-01T12:01:40: ********************************************************************************
2019-04-01T12:01:40: *                                     ctbin                                    *
2019-04-01T12:01:40: * ---------------------------------------------------------------------------- *
2019-04-01T12:01:40: * Version: 1.5.0                                                               *
2019-04-01T12:01:40: ********************************************************************************
2019-04-01T12:01:47: +============+
2019-04-01T12:01:47: | Parameters |
2019-04-01T12:01:47: +============+
2019-04-01T12:01:47:  inobs .....................: selected_events_3.fits
2019-04-01T12:01:47:  outcube ...................: cntcube_test.fits
2019-04-01T12:01:47:  ebinalg ...................: LOG
2019-04-01T12:01:47:  emin ......................: 0.05
2019-04-01T12:01:47:  emax ......................: 20
2019-04-01T12:01:47:  enumbins ..................: 2
2019-04-01T12:01:47:  ebinfile ..................: [not queried]
2019-04-01T12:01:47:  usepnt ....................: no
2019-04-01T12:01:47:  nxpix .....................: 300
2019-04-01T12:01:47:  nypix .....................: 300
2019-04-01T12:01:47:  binsz .....................: 0.02
2019-04-01T12:01:47:  coordsys ..................: CEL
2019-04-01T12:01:47:  proj ......................: CAR
2019-04-01T12:01:47:  xref ......................: 201.365
2019-04-01T12:01:47:  yref ......................: -43.019
2019-04-01T12:01:47:  publish ...................: no
2019-04-01T12:01:47:  chatter ...................: 2
2019-04-01T12:01:47:  clobber ...................: yes
2019-04-01T12:01:47:  debug .....................: no
2019-04-01T12:01:47:  mode ......................: ql
2019-04-01T12:01:47:  logfile ...................: ctbin.log
2019-04-01T12:01:47: 
2019-04-01T12:01:47: +===================+
2019-04-01T12:01:47: | Input observation |
2019-04-01T12:01:47: +===================+
2019-04-01T12:01:47: === GObservations ===
2019-04-01T12:01:47:  Number of observations ....: 1
2019-04-01T12:01:47:  Number of models ..........: 0
2019-04-01T12:01:47:  Number of observed events .: 66670
2019-04-01T12:01:47:  Number of predicted events : 0
2019-04-01T12:01:47: 
2019-04-01T12:01:47: +===========================+
2019-04-01T12:01:47: | Find unbinned observation |
2019-04-01T12:01:47: +===========================+
2019-04-01T12:01:47: === CTA observation (id=0) ===
2019-04-01T12:01:47:  Including unbinned CTA observation
2019-04-01T12:01:47: 
2019-04-01T12:01:47: +=================+
2019-04-01T12:01:47: | Bin observation |
2019-04-01T12:01:47: +=================+
2019-04-01T12:01:47: === CTA observation (id=0) ===
2019-04-01T12:01:47:  Events in list ............: 66670
2019-04-01T12:01:47:  Events in cube ............: 63656
2019-04-01T12:01:47:  Events outside RoI ........: 0
2019-04-01T12:01:47:  Events with invalid WCS ...: 0
2019-04-01T12:01:47:  Events outside cube area ..: 1449
2019-04-01T12:01:47:  Events outside energy bins : 1565
2019-04-01T12:01:47: 
2019-04-01T12:01:47: +====================+
2019-04-01T12:01:47: | Binned observation |
2019-04-01T12:01:47: +====================+
2019-04-01T12:01:47: === GObservations ===
2019-04-01T12:01:47:  Number of observations ....: 1
2019-04-01T12:01:47:  Number of models ..........: 0
2019-04-01T12:01:47:  Number of observed events .: 63656
2019-04-01T12:01:47:  Number of predicted events : 0
2019-04-01T12:01:47: 
2019-04-01T12:01:47: +==================+
2019-04-01T12:01:47: | Save counts cube |
2019-04-01T12:01:47: +==================+
2019-04-01T12:01:47:  Counts cube file ..........: cntcube_test.fits
2019-04-01T12:01:47: 
2019-04-01T12:01:47: Application "ctbin" terminated after 7 wall clock seconds, consuming 0.511878 seconds of CPU time.
