2019-04-01T11:22:21: ********************************************************************************
2019-04-01T11:22:21: *                                   ctselect                                   *
2019-04-01T11:22:21: * ---------------------------------------------------------------------------- *
2019-04-01T11:22:21: * Version: 1.5.0                                                               *
2019-04-01T11:22:21: ********************************************************************************
2019-04-01T11:22:38: +============+
2019-04-01T11:22:38: | Parameters |
2019-04-01T11:22:38: +============+
2019-04-01T11:22:38:  inobs .....................: events_1.fits
2019-04-01T11:22:38:  outobs ....................: selected_events_3.fits
2019-04-01T11:22:38:  prefix ....................: selected_
2019-04-01T11:22:38:  usepnt ....................: no
2019-04-01T11:22:38:  ra ........................: 201.3650
2019-04-01T11:22:38:  dec .......................: -43.01911
2019-04-01T11:22:38:  rad .......................: 15
2019-04-01T11:22:38:  tmin ......................: 2021-01-01T13:18:51
2019-04-01T11:22:38:  tmax ......................: 2021-01-01T13:58:51
2019-04-01T11:22:38:  emin ......................: 0.05
2019-04-01T11:22:38:  emax ......................: 20
2019-04-01T11:22:38:  phase .....................: NONE
2019-04-01T11:22:38:  expr ......................: 
2019-04-01T11:22:38:  usethres ..................: NONE
2019-04-01T11:22:38:  publish ...................: no
2019-04-01T11:22:38:  chatter ...................: 2
2019-04-01T11:22:38:  clobber ...................: yes
2019-04-01T11:22:38:  debug .....................: no
2019-04-01T11:22:38:  mode ......................: ql
2019-04-01T11:22:38:  logfile ...................: ctselect.log
2019-04-01T11:22:38: 
2019-04-01T11:22:38: +===================+
2019-04-01T11:22:38: | Input observation |
2019-04-01T11:22:38: +===================+
2019-04-01T11:22:38: === GObservations ===
2019-04-01T11:22:38:  Number of observations ....: 1
2019-04-01T11:22:38:  Number of models ..........: 0
2019-04-01T11:22:38:  Number of observed events .: 200181
2019-04-01T11:22:38:  Number of predicted events : 0
2019-04-01T11:22:38: 
2019-04-01T11:22:38: +=================+
2019-04-01T11:22:38: | Event selection |
2019-04-01T11:22:38: +=================+
2019-04-01T11:22:38: === CTA observation (id=0) ===
2019-04-01T11:22:38:  Input filename ............: events_1.fits
2019-04-01T11:22:38:  Event extension name ......: EVENTS
2019-04-01T11:22:38:  GTI extension name ........: GTI
2019-04-01T11:22:38: === Event selection ===
2019-04-01T11:22:38:  Time range (MJD) ..........: 59215.5555576852 - 59215.5833333333 days
2019-04-01T11:22:38:  Time range (UTC) ..........: 2021-01-01T13:18:51 - 2021-01-01T13:58:51
2019-04-01T11:22:38:  Time range (MET) ..........: 662779200.184 - 662781600 seconds
2019-04-01T11:22:38:  Selected energy range .....: 0.05 - 10 TeV
2019-04-01T11:22:38:  Requested RoI .............: Centre(RA,DEC)=(201.365, -43.01911) deg, Radius=15 deg
2019-04-01T11:22:38:  RoI of data ...............: Centre(RA,DEC)=(201.365063, -43.519113) deg, Radius=15 deg
2019-04-01T11:22:38:  Selected RoI ..............: Centre(RA,DEC)=(201.365, -43.01911) deg, Radius=14.4999969978956 deg
2019-04-01T11:22:38:  cfitsio selection .........: TIME >= 662779200.18399990 && TIME <= 662781600.00000000 && ENERGY >= 0.05000000 && ENERGY <= 10.00000000 && ANGSEP(201.365000,-43.019110,RA,DEC) <= 14.499997
2019-04-01T11:22:38:  FITS filename .............: /var/tmp/tmp.0.9YPKeG[EVENTS][TIME >= 662779200.18399990 && TIME <= 662781600.00000000 && ENERGY >= 0.05000000 && ENERGY <= 10.00000000 && ANGSEP(201.365000,-43.019110,RA,DEC) <= 14.499997]
2019-04-01T11:22:38: 
2019-04-01T11:22:38: +====================+
2019-04-01T11:22:38: | Output observation |
2019-04-01T11:22:38: +====================+
2019-04-01T11:22:38: === GObservations ===
2019-04-01T11:22:38:  Number of observations ....: 1
2019-04-01T11:22:38:  Number of models ..........: 0
2019-04-01T11:22:38:  Number of observed events .: 66670
2019-04-01T11:22:38:  Number of predicted events : 0
2019-04-01T11:22:38: 
2019-04-01T11:22:38: +=================+
2019-04-01T11:22:38: | Save event list |
2019-04-01T11:22:38: +=================+
2019-04-01T11:22:38:  Event list file ...........: selected_events_3.fits[EVENTS]
2019-04-01T11:22:39: 
2019-04-01T11:22:39: Application "ctselect" terminated after 18 wall clock seconds, consuming 0.832766 seconds of CPU time.
