2019-04-26T08:25:05: ********************************************************************************
2019-04-26T08:25:05: *                                   ctskymap                                   *
2019-04-26T08:25:05: * ---------------------------------------------------------------------------- *
2019-04-26T08:25:05: * Version: 1.5.0                                                               *
2019-04-26T08:25:05: ********************************************************************************
2019-04-26T08:25:15: +============+
2019-04-26T08:25:15: | Parameters |
2019-04-26T08:25:15: +============+
2019-04-26T08:25:15:  inobs .....................: events_1.fits
2019-04-26T08:25:15:  caldb .....................: prod2
2019-04-26T08:25:15:  irf .......................: South_0.5h
2019-04-26T08:25:15:  outmap ....................: skymap_none_2.fits
2019-04-26T08:25:15:  emin ......................: 0.05
2019-04-26T08:25:15:  emax ......................: 20
2019-04-26T08:25:15:  usepnt ....................: no
2019-04-26T08:25:15:  nxpix .....................: 300
2019-04-26T08:25:15:  nypix .....................: 300
2019-04-26T08:25:15:  binsz .....................: 0.02
2019-04-26T08:25:15:  coordsys ..................: CEL
2019-04-26T08:25:15:  proj ......................: CAR
2019-04-26T08:25:15:  xref ......................: 201.36
2019-04-26T08:25:15:  yref ......................: -43.01
2019-04-26T08:25:15:  bkgsubtract ...............: None
2019-04-26T08:25:15:  roiradius .................: [not queried]
2019-04-26T08:25:15:  inradius ..................: [not queried]
2019-04-26T08:25:15:  outradius .................: [not queried]
2019-04-26T08:25:15:  inexclusion ...............: NONE
2019-04-26T08:25:15:  publish ...................: no
2019-04-26T08:25:15:  chatter ...................: 2
2019-04-26T08:25:15:  clobber ...................: yes
2019-04-26T08:25:15:  debug .....................: no
2019-04-26T08:25:15:  mode ......................: ql
2019-04-26T08:25:15:  logfile ...................: ctskymap.log
2019-04-26T08:25:15: 
2019-04-26T08:25:15: +===================+
2019-04-26T08:25:15: | Input observation |
2019-04-26T08:25:15: +===================+
2019-04-26T08:25:15: === GObservations ===
2019-04-26T08:25:15:  Number of observations ....: 1
2019-04-26T08:25:15:  Number of models ..........: 0
2019-04-26T08:25:15:  Number of observed events .: 200181
2019-04-26T08:25:15:  Number of predicted events : 0
2019-04-26T08:25:15: 
2019-04-26T08:25:15: +=================+
2019-04-26T08:25:15: | Map observation |
2019-04-26T08:25:15: +=================+
2019-04-26T08:25:15: === CTA observation (id=0) ===
2019-04-26T08:25:15:  Events in list ............: 200181
2019-04-26T08:25:15:  Events in map .............: 195843
2019-04-26T08:25:15:  Events outside RoI ........: 0
2019-04-26T08:25:15:  Events outside map area ...: 4338
2019-04-26T08:25:15:  Events outside energies ...: 0
2019-04-26T08:25:15: 
2019-04-26T08:25:15: +==============+
2019-04-26T08:25:15: | Save sky map |
2019-04-26T08:25:15: +==============+
2019-04-26T08:25:15:  Sky map file ..............: skymap_none_2.fits
2019-04-26T08:25:15: 
2019-04-26T08:25:15: Application "ctskymap" terminated after 10 wall clock seconds, consuming 0.746483 seconds of CPU time.
